生成启动时间为 2016/4/25 16:24:18。
     1>项目“C:\Users\Rolanda\Desktop\LinkedList\LinkedList\LinkedList.vcxproj”在节点 2 上(build 个目标)。
     1>InitializeBuildStatus:
         正在对“Release\LinkedList.unsuccessfulbuild”执行 Touch 任务。
       ClCompile:
         C:\Program Files (x86)\Microsoft Visual Studio 10.0\VC\bin\CL.exe /c /Zi /nologo /W3 /WX- /O2 /Oi /Oy- /GL /D _MBCS /Gm- /EHsc /MD /GS /Gy /fp:precise /Zc:wchar_t /Zc:forScope /Fo"Release\\" /Fd"Release\vc100.pdb" /Gd /TP /analyze- /errorReport:prompt LinkedList.cpp
         LinkedList.cpp
       Link:
         C:\Program Files (x86)\Microsoft Visual Studio 10.0\VC\bin\link.exe /ERRORREPORT:PROMPT /OUT:"C:\Users\Rolanda\Desktop\LinkedList\Release\LinkedList.exe" /NOLOGO kernel32.lib user32.lib gdi32.lib winspool.lib comdlg32.lib advapi32.lib shell32.lib ole32.lib oleaut32.lib uuid.lib odbc32.lib odbccp32.lib /MANIFEST /ManifestFile:"Release\LinkedList.exe.intermediate.manifest" /MANIFESTUAC:"level='asInvoker' uiAccess='false'" /DEBUG /PDB:"C:\Users\Rolanda\Desktop\LinkedList\Release\LinkedList.pdb" /OPT:REF /OPT:ICF /LTCG /TLBID:1 /DYNAMICBASE /NXCOMPAT /IMPLIB:"C:\Users\Rolanda\Desktop\LinkedList\Release\LinkedList.lib" /MACHINE:X86 Release\LinkedList.obj
         正在生成代码
         已完成代码的生成
         LinkedList.vcxproj -> C:\Users\Rolanda\Desktop\LinkedList\Release\LinkedList.exe
       Manifest:
         C:\Program Files (x86)\Microsoft SDKs\Windows\v7.0A\bin\mt.exe /nologo /verbose /outputresource:"C:\Users\Rolanda\Desktop\LinkedList\Release\LinkedList.exe;#1" /manifest Release\LinkedList.exe.intermediate.manifest
       FinalizeBuildStatus:
         正在删除文件“Release\LinkedList.unsuccessfulbuild”。
         正在对“Release\LinkedList.lastbuildstate”执行 Touch 任务。
     1>已完成生成项目“C:\Users\Rolanda\Desktop\LinkedList\LinkedList\LinkedList.vcxproj”(build 个目标)的操作。

生成成功。

已用时间 00:00:01.43
